<?xml version="1.0" encoding="UTF-8"?>
<testng-results ignored="0" total="1" passed="1" failed="0" skipped="0">
  <reporter-output>
    <line>
      <![CDATA[The Test Case is PassD:\TestNGReportScreenShot\0.43307020530628315test.png]]>
    </line>
  </reporter-output>
  <suite started-at="2023-05-29T17:08:42 PDT" name="Default suite" finished-at="2023-05-29T17:09:16 PDT" duration-ms="33776">
    <groups>
    </groups>
    <test started-at="2023-05-29T17:08:42 PDT" name="Default test" finished-at="2023-05-29T17:09:16 PDT" duration-ms="33776">
      <class name="resources.Testcaseexecution">
        <test-method is-config="true" signature="openBrowser()[pri:0, instance:resources.Testcaseexecution@72e789cb]" started-at="2023-05-29T17:08:43 PDT" name="openBrowser" finished-at="2023-05-29T17:08:50 PDT" duration-ms="7012" status="PASS">
          <reporter-output>
          </reporter-output>
        </test-method> <!-- openBrowser -->
        <test-method signature="executePageobjectTestNg()[pri:0, instance:resources.Testcaseexecution@72e789cb]" started-at="2023-05-29T17:08:50 PDT" name="executePageobjectTestNg" finished-at="2023-05-29T17:09:15 PDT" duration-ms="25438" status="PASS">
          <reporter-output>
            <line>
              <![CDATA[The Test Case is PassD:\TestNGReportScreenShot\0.43307020530628315test.png]]>
            </line>
          </reporter-output>
        </test-method> <!-- executePageobjectTestNg -->
        <test-method is-config="true" signature="Testcompleted()[pri:0, instance:resources.Testcaseexecution@72e789cb]" started-at="2023-05-29T17:09:16 PDT" name="Testcompleted" finished-at="2023-05-29T17:09:16 PDT" duration-ms="451" status="PASS">
          <reporter-output>
          </reporter-output>
        </test-method> <!-- Testcompleted -->
      </class> <!-- resources.Testcaseexecution -->
    </test> <!-- Default test -->
  </suite> <!-- Default suite -->
</testng-results>
